<?xml version="1.0" encoding="UTF-8"?>
<!-- Generated by org.testng.reporters.JUnitReportReporter -->
<testsuite hostname="DESKTOP-1LMQCQQ" failures="0" tests="2" name="crossBrowserTesting.BrowserTesting" time="30.180" errors="0" timestamp="2022-07-28T23:31:58 IST" skipped="0">
  <testcase classname="crossBrowserTesting.BrowserTesting" name="f" time="18.584"/>
  <system-out/>
  <testcase classname="crossBrowserTesting.BrowserTesting" name="f" time="11.596"/>
  <system-out/>
</testsuite> <!-- crossBrowserTesting.BrowserTesting -->
