<?xml version="1.0" encoding="UTF-8"?>
<!-- Generated by org.testng.reporters.JUnitReportReporter -->
<testsuite hostname="DESKTOP-1LMQCQQ" failures="0" tests="1" name="assertStudy.SoftAssertStudy" time="0.065" errors="0" timestamp="2022-07-29T17:54:38 IST" skipped="0">
  <testcase classname="assertStudy.SoftAssertStudy" name="f" time="0.065"/>
  <system-out/>
</testsuite> <!-- assertStudy.SoftAssertStudy -->
