<?xml version="1.0" encoding="UTF-8"?>
<!-- Generated by org.testng.reporters.JUnitReportReporter -->
<testsuite hostname="DESKTOP-1LMQCQQ" failures="0" tests="1" name="testngStudy.NewTest2" time="0.008" errors="0" timestamp="2022-07-25T19:36:50 IST" skipped="0">
  <testcase classname="testngStudy.NewTest2" name="f" time="0.008"/>
  <system-out>
    <![CDATA[welcome to TestNG]]>
  </system-out>
</testsuite> <!-- testngStudy.NewTest2 -->
