<?xml version="1.0" encoding="UTF-8"?>
<!-- Generated by org.testng.reporters.JUnitReportReporter -->
<testsuite hostname="DESKTOP-1LMQCQQ" failures="0" tests="1" name="parallelAndserialExicution.FacebookLogin" time="8.705" errors="0" timestamp="2022-07-28T23:41:07 IST" skipped="0">
  <testcase classname="parallelAndserialExicution.FacebookLogin" name="f" time="8.705"/>
  <system-out/>
</testsuite> <!-- parallelAndserialExicution.FacebookLogin -->
