<?xml version="1.0" encoding="UTF-8"?>
<!-- Generated by org.testng.reporters.JUnitReportReporter -->
<testsuite hostname="DESKTOP-1LMQCQQ" failures="0" tests="1" name="assertStudy.Bookmyshow" time="19.310" errors="0" timestamp="2022-07-28T00:01:40 IST" skipped="0">
  <testcase classname="assertStudy.Bookmyshow" name="f" time="19.310"/>
  <system-out/>
</testsuite> <!-- assertStudy.Bookmyshow -->
