<?xml version="1.0" encoding="UTF-8"?>
<!-- Generated by org.testng.reporters.JUnitReportReporter -->
<testsuite hostname="DESKTOP-1LMQCQQ" failures="0" tests="9" name="testngStudy.KeywordsStudy" time="0.077" errors="0" timestamp="2022-07-26T18:35:12 IST" skipped="0">
  <testcase classname="testngStudy.KeywordsStudy" name="c" time="0.044"/>
  <system-out>
    <![CDATA[welcome to c]]>
  </system-out>
  <testcase classname="testngStudy.KeywordsStudy" name="f" time="0.005"/>
  <system-out>
    <![CDATA[welcome to f]]>
  </system-out>
  <testcase classname="testngStudy.KeywordsStudy" name="a" time="0.004"/>
  <system-out>
    <![CDATA[welcome to a]]>
  </system-out>
  <testcase classname="testngStudy.KeywordsStudy" name="d" time="0.004"/>
  <system-out>
    <![CDATA[welcome to d]]>
  </system-out>
  <testcase classname="testngStudy.KeywordsStudy" name="e" time="0.005"/>
  <system-out>
    <![CDATA[welcome to e]]>
  </system-out>
  <testcase classname="testngStudy.KeywordsStudy" name="b" time="0.002"/>
  <system-out>
    <![CDATA[welcome to b]]>
  </system-out>
  <testcase classname="testngStudy.KeywordsStudy" name="b" time="0.003"/>
  <system-out>
    <![CDATA[welcome to b]]>
  </system-out>
  <testcase classname="testngStudy.KeywordsStudy" name="b" time="0.004"/>
  <system-out>
    <![CDATA[welcome to b]]>
  </system-out>
  <testcase classname="testngStudy.KeywordsStudy" name="b" time="0.006"/>
  <system-out>
    <![CDATA[welcome to b]]>
  </system-out>
</testsuite> <!-- testngStudy.KeywordsStudy -->
