<?xml version="1.0" encoding="UTF-8"?>
<!-- Generated by org.testng.reporters.JUnitReportReporter -->
<testsuite hostname="DESKTOP-1LMQCQQ" failures="0" tests="2" name="testngStudy.NewTest3" time="0.044" errors="0" timestamp="2022-07-25T19:36:50 IST" skipped="0">
  <testcase classname="testngStudy.NewTest3" name="f" time="0.006"/>
  <system-out/>
  <testcase classname="testngStudy.NewTest3" name="beforeMethod" time="0.038"/>
  <system-out>
    <![CDATA[before welcome]]>
  </system-out>
</testsuite> <!-- testngStudy.NewTest3 -->
