<?xml version="1.0" encoding="UTF-8"?>
<!-- Generated by org.testng.reporters.JUnitReportReporter -->
<testsuite hostname="DESKTOP-1LMQCQQ" failures="0" tests="1" name="parallelAndserialExicution.kiteLogIn" time="6.727" errors="0" timestamp="2022-07-28T23:41:07 IST" skipped="0">
  <testcase classname="parallelAndserialExicution.kiteLogIn" name="f" time="6.727"/>
  <system-out/>
</testsuite> <!-- parallelAndserialExicution.kiteLogIn -->
