<?xml version="1.0" encoding="UTF-8"?>
<!-- Generated by org.testng.reporters.JUnitReportReporter -->
<testsuite hostname="DESKTOP-1LMQCQQ" failures="0" tests="1" name="assertStudy.KiteAssertStudy" time="17.835" errors="0" timestamp="2022-07-27T22:55:18 IST" skipped="0">
  <testcase classname="assertStudy.KiteAssertStudy" name="f" time="17.835"/>
  <system-out/>
</testsuite> <!-- assertStudy.KiteAssertStudy -->
