<?xml version="1.0" encoding="UTF-8"?>
<!-- Generated by org.testng.reporters.JUnitReportReporter -->
<testsuite hostname="DESKTOP-1LMQCQQ" failures="0" tests="3" name="testngXMLStudy.Test2" time="0.152" errors="0" timestamp="2022-07-26T19:03:49 IST" skipped="0">
  <testcase classname="testngXMLStudy.Test2" name="h" time="0.021"/>
  <system-out>
    <![CDATA[welcome to h]]>
  </system-out>
  <testcase classname="testngXMLStudy.Test2" name="f" time="0.125"/>
  <system-out>
    <![CDATA[welcome to f]]>
  </system-out>
  <testcase classname="testngXMLStudy.Test2" name="j" time="0.006"/>
  <system-out>
    <![CDATA[welcome to j]]>
  </system-out>
</testsuite> <!-- testngXMLStudy.Test2 -->
