<?xml version="1.0" encoding="UTF-8"?>
<!-- Generated by org.testng.reporters.JUnitReportReporter -->
<testsuite hostname="DESKTOP-1LMQCQQ" failures="0" tests="1" name="aaaTestNGClasses.TestClass" time="5.973" errors="0" timestamp="2022-08-02T22:28:53 IST" skipped="0">
  <testcase classname="aaaTestNGClasses.TestClass" name="f" time="5.973"/>
  <system-out/>
</testsuite> <!-- aaaTestNGClasses.TestClass -->
