<?xml version="1.0" encoding="UTF-8"?>
<!-- Generated by org.testng.reporters.JUnitReportReporter -->
<testsuite hostname="DESKTOP-1LMQCQQ" failures="0" tests="1" name="listnersnew.Demo2" time="0.003" errors="0" timestamp="2022-08-05T00:13:40 IST" skipped="0">
  <testcase classname="listnersnew.Demo2" name="b" time="0.003"/>
  <system-out>
    <![CDATA[TestCase has been Started
Welcome to Demo2
TestCase has been Passed]]>
  </system-out>
</testsuite> <!-- listnersnew.Demo2 -->
