<?xml version="1.0" encoding="UTF-8"?>
<!-- Generated by org.testng.reporters.JUnitReportReporter -->
<testsuite hostname="DESKTOP-1LMQCQQ" failures="0" tests="3" name="testngXMLStudy.Test1" time="0.039" errors="0" timestamp="2022-07-26T19:03:49 IST" skipped="0">
  <testcase classname="testngXMLStudy.Test1" name="c" time="0.012"/>
  <system-out>
    <![CDATA[welcome to c]]>
  </system-out>
  <testcase classname="testngXMLStudy.Test1" name="e" time="0.018"/>
  <system-out>
    <![CDATA[welcome to e]]>
  </system-out>
  <testcase classname="testngXMLStudy.Test1" name="b" time="0.009"/>
  <system-out>
    <![CDATA[welcome to b]]>
  </system-out>
</testsuite> <!-- testngXMLStudy.Test1 -->
